<?xml version="1.0" encoding="UTF-8"?>
<testng-results skipped="0" failed="0" ignored="0" total="1" passed="1">
  <reporter-output>
  </reporter-output>
  <suite name="Suite" duration-ms="15073" started-at="2020-12-22T09:08:06Z" finished-at="2020-12-22T09:08:21Z">
    <groups>
    </groups>
    <test name="Test" duration-ms="15073" started-at="2020-12-22T09:08:06Z" finished-at="2020-12-22T09:08:21Z">
      <class name="pk_UI_Automation.Mobile_Browser_View_Flight_Login">
        <test-method status="PASS" signature="LaunchBrowser()[pri:0, instance:pk_UI_Automation.Mobile_Browser_View_Flight_Login@26be92ad]" name="LaunchBrowser" is-config="true" duration-ms="6711" started-at="2020-12-22T14:38:06Z" finished-at="2020-12-22T14:38:13Z">
          <reporter-output>
          </reporter-output>
        </test-method> <!-- LaunchBrowser -->
        <test-method status="PASS" signature="SignOn()[pri:0, instance:pk_UI_Automation.Mobile_Browser_View_Flight_Login@26be92ad]" name="SignOn" duration-ms="7571" started-at="2020-12-22T14:38:13Z" finished-at="2020-12-22T14:38:20Z">
          <reporter-output>
          </reporter-output>
        </test-method> <!-- SignOn -->
        <test-method status="PASS" signature="CloseBrowser()[pri:0, instance:pk_UI_Automation.Mobile_Browser_View_Flight_Login@26be92ad]" name="CloseBrowser" is-config="true" duration-ms="775" started-at="2020-12-22T14:38:20Z" finished-at="2020-12-22T14:38:21Z">
          <reporter-output>
          </reporter-output>
        </test-method> <!-- CloseBrowser -->
      </class> <!-- pk_UI_Automation.Mobile_Browser_View_Flight_Login -->
    </test> <!-- Test -->
  </suite> <!-- Suite -->
</testng-results>
